<?xml version="1.0" encoding="UTF-8"?>
<!-- Generated by org.testng.reporters.JUnitReportReporter -->
<testsuite skipped="0" hostname="SPHINX" name="test.Functions" tests="1" failures="0" timestamp="22 Jan 2019 10:50:37 GMT" time="26.198" errors="0">
  <testcase name="globalSearchNoInput" time="26.198" classname="test.Functions"/>
</testsuite> <!-- test.Functions -->
