<?xml version="1.0" encoding="UTF-8"?>
<!-- Generated by org.testng.reporters.JUnitReportReporter -->
<testsuite skipped="0" hostname="SPHINX" name="test.Functions" tests="1" failures="0" timestamp="25 Jan 2019 05:15:40 GMT" time="27.143" errors="0">
  <testcase name="globalSearchNoInput" time="27.143" classname="test.Functions"/>
</testsuite> <!-- test.Functions -->
