<?xml version="1.0" encoding="UTF-8"?>
<!-- Generated by org.testng.reporters.JUnitReportReporter -->
<testsuite skipped="0" hostname="SPHINX" name="test.Functions" tests="1" failures="0" timestamp="24 Jan 2019 12:15:16 GMT" time="47.168" errors="0">
  <testcase name="globalSearchNoInput" time="47.168" classname="test.Functions"/>
</testsuite> <!-- test.Functions -->
