<?xml version="1.0" encoding="UTF-8"?>
<!-- Generated by org.testng.reporters.JUnitReportReporter -->
<testsuite skipped="0" hostname="SPHINX" name="test.Functions" tests="1" failures="0" timestamp="17 Jan 2019 11:01:35 GMT" time="30.046" errors="0">
  <testcase name="globalSearchNoInput" time="30.046" classname="test.Functions"/>
</testsuite> <!-- test.Functions -->
