<?xml version="1.0" encoding="UTF-8"?>
<!-- Generated by org.testng.reporters.JUnitReportReporter -->
<testsuite skipped="0" hostname="SPHINX" name="test.Functions" tests="1" failures="0" timestamp="17 Jan 2019 13:45:07 GMT" time="27.378" errors="0">
  <testcase name="globalSearchNoInput" time="27.378" classname="test.Functions"/>
</testsuite> <!-- test.Functions -->
