<?xml version="1.0" encoding="UTF-8"?>
<!-- Generated by org.testng.reporters.JUnitReportReporter -->
<testsuite skipped="0" hostname="SPHINX" name="test.Functions" tests="1" failures="0" timestamp="24 Jan 2019 11:55:33 GMT" time="31.029" errors="0">
  <testcase name="globalSearchNoInput" time="31.029" classname="test.Functions"/>
</testsuite> <!-- test.Functions -->
